Determining if the pthread_create exist failed with the following output:
Change Dir: /home/ubuntu/workspace/icra2017rm-mmc-ros/catkin_ws/build/CMakeFiles/CMakeTmp

Run Build Command:/usr/bin/make "cmTryCompileExec4030933491/fast"
/usr/bin/make -f CMakeFiles/cmTryCompileExec4030933491.dir/build.make CMakeFiles/cmTryCompileExec4030933491.dir/build
make[1]: Entering directory `/home/ubuntu/workspace/icra2017rm-mmc-ros/catkin_ws/build/CMakeFiles/CMakeTmp'
/usr/bin/cmake -E cmake_progress_report /home/ubuntu/workspace/icra2017rm-mmc-ros/catkin_ws/build/CMakeFiles/CMakeTmp/CMakeFiles 1
Building C object CMakeFiles/cmTryCompileExec4030933491.dir/CheckSymbolExists.c.o
/usr/bin/cc    -o CMakeFiles/cmTryCompileExec4030933491.dir/CheckSymbolExists.c.o   -c /home/ubuntu/workspace/icra2017rm-mmc-ros/catkin_ws/build/CMakeFiles/CMakeTmp/CheckSymbolExists.c
Linking C executable cmTryCompileExec4030933491
/usr/bin/cmake -E cmake_link_script CMakeFiles/cmTryCompileExec4030933491.dir/link.txt --verbose=1
/usr/bin/cc       CMakeFiles/cmTryCompileExec4030933491.dir/CheckSymbolExists.c.o  -o cmTryCompileExec4030933491 -rdynamic 
CMakeFiles/cmTryCompileExec4030933491.dir/CheckSymbolExists.c.o: In function `main':
CheckSymbolExists.c:(.text+0xe): undefined reference to `pthread_create'
CheckSymbolExists.c:(.text+0x12): undefined reference to `pthread_create'
collect2: error: ld returned 1 exit status
make[1]: Leaving directory `/home/ubuntu/workspace/icra2017rm-mmc-ros/catkin_ws/build/CMakeFiles/CMakeTmp'
make[1]: *** [cmTryCompileExec4030933491] Error 1
make: *** [cmTryCompileExec4030933491/fast] Error 2

File /home/ubuntu/workspace/icra2017rm-mmc-ros/catkin_ws/build/CMakeFiles/CMakeTmp/CheckSymbolExists.c:
/* */
#include <pthread.h>

int main(int argc, char** argv)
{
  (void)argv;
#ifndef pthread_create
  return ((int*)(&pthread_create))[argc];
#else
  (void)argc;
  return 0;
#endif
}

Determining if the function pthread_create exists in the pthreads failed with the following output:
Change Dir: /home/ubuntu/workspace/icra2017rm-mmc-ros/catkin_ws/build/CMakeFiles/CMakeTmp

Run Build Command:/usr/bin/make "cmTryCompileExec41939908/fast"
/usr/bin/make -f CMakeFiles/cmTryCompileExec41939908.dir/build.make CMakeFiles/cmTryCompileExec41939908.dir/build
make[1]: Entering directory `/home/ubuntu/workspace/icra2017rm-mmc-ros/catkin_ws/build/CMakeFiles/CMakeTmp'
/usr/bin/cmake -E cmake_progress_report /home/ubuntu/workspace/icra2017rm-mmc-ros/catkin_ws/build/CMakeFiles/CMakeTmp/CMakeFiles 1
Building C object CMakeFiles/cmTryCompileExec41939908.dir/CheckFunctionExists.c.o
/usr/bin/cc   -DCHECK_FUNCTION_EXISTS=pthread_create   -o CMakeFiles/cmTryCompileExec41939908.dir/CheckFunctionExists.c.o   -c /usr/share/cmake-2.8/Modules/CheckFunctionExists.c
Linking C executable cmTryCompileExec41939908
/usr/bin/cmake -E cmake_link_script CMakeFiles/cmTryCompileExec41939908.dir/link.txt --verbose=1
/usr/bin/cc   -DCHECK_FUNCTION_EXISTS=pthread_create    CMakeFiles/cmTryCompileExec41939908.dir/CheckFunctionExists.c.o  -o cmTryCompileExec41939908 -rdynamic -lpthreads 
/usr/bin/ld: cannot find -lpthreads
make[1]: Leaving directory `/home/ubuntu/workspace/icra2017rm-mmc-ros/catkin_ws/build/CMakeFiles/CMakeTmp'
collect2: error: ld returned 1 exit status
make[1]: *** [cmTryCompileExec41939908] Error 1
make: *** [cmTryCompileExec41939908/fast] Error 2


